{"/home/ubuntu/s4014872-s3895242-assignment-1/src/models/note.js": {"path":"/home/ubuntu/s4014872-s3895242-assignment-1/src/models/note.js","statementMap":{"0":{"start":{"line":1,"column":17},"end":{"line":1,"column":36}},"1":{"start":{"line":3,"column":20},"end":{"line":16,"column":2}},"2":{"start":{"line":18,"column":0},"end":{"line":18,"column":53}}},"fnMap":{},"branchMap":{},"s":{"0":1,"1":1,"2":1},"f":{},"b":{},"_coverageSchema":"1a1c01bbd47fc00a2c39e90264f33305004495a9","hash":"4bcd7799cbc503365ecd2735d0f0b2a6a7e3e09d"}
}
